May 28, 2017 6:54:05 PM codeu.chat.ServerMain main
INFO: ============================= START OF LOG =============================
May 28, 2017 6:54:05 PM codeu.chat.ServerMain main
INFO: Starting server...
May 28, 2017 6:54:05 PM codeu.chat.ServerMain runServer
INFO: Created server.
May 28, 2017 6:54:05 PM codeu.chat.server.Server$1 run
INFO: Reading update from relay...
May 28, 2017 6:54:05 PM codeu.chat.ServerMain runServer
INFO: Established connection...
May 28, 2017 6:54:10 PM codeu.chat.server.Server$1 run
INFO: Reading update from relay...
May 28, 2017 6:54:15 PM codeu.chat.server.Server$1 run
INFO: Reading update from relay...
May 28, 2017 6:54:18 PM codeu.chat.ServerMain runServer
INFO: Connection established.
May 28, 2017 6:54:18 PM codeu.chat.server.Server$2 run
INFO: Handling connection...
May 28, 2017 6:54:18 PM codeu.chat.ServerMain runServer
INFO: Established connection...
May 28, 2017 6:54:18 PM codeu.chat.server.Controller newUser
INFO: newUser success (user.id=[UUID:100.2759035071] user.name=hi user.time=28-May-2017 18:54:18.942)
May 28, 2017 6:54:18 PM codeu.chat.server.Server$2 run
INFO: Connection handled: ACCEPTED
May 28, 2017 6:54:21 PM codeu.chat.server.Server$1 run
INFO: Reading update from relay...
May 28, 2017 6:54:26 PM codeu.chat.server.Server$1 run
INFO: Reading update from relay...
May 28, 2017 6:54:31 PM codeu.chat.server.Server$1 run
INFO: Reading update from relay...
May 28, 2017 6:54:36 PM codeu.chat.server.Server$1 run
INFO: Reading update from relay...
May 28, 2017 6:54:41 PM codeu.chat.server.Server$1 run
INFO: Reading update from relay...
May 28, 2017 6:54:46 PM codeu.chat.server.Server$1 run
INFO: Reading update from relay...
May 28, 2017 6:54:51 PM codeu.chat.server.Server$1 run
INFO: Reading update from relay...
May 28, 2017 6:54:56 PM codeu.chat.server.Server$1 run
INFO: Reading update from relay...
May 28, 2017 6:55:01 PM codeu.chat.server.Server$1 run
INFO: Reading update from relay...
May 28, 2017 6:55:06 PM codeu.chat.server.Server$1 run
INFO: Reading update from relay...
May 28, 2017 6:55:11 PM codeu.chat.server.Server$1 run
INFO: Reading update from relay...
May 28, 2017 6:55:16 PM codeu.chat.server.Server$1 run
INFO: Reading update from relay...
May 28, 2017 6:55:21 PM codeu.chat.server.Server$1 run
INFO: Reading update from relay...
May 28, 2017 6:55:26 PM codeu.chat.server.Server$1 run
INFO: Reading update from relay...
May 28, 2017 6:55:31 PM codeu.chat.server.Server$1 run
INFO: Reading update from relay...
May 28, 2017 6:55:36 PM codeu.chat.server.Server$1 run
INFO: Reading update from relay...
May 28, 2017 6:55:41 PM codeu.chat.server.Server$1 run
INFO: Reading update from relay...
May 28, 2017 6:55:46 PM codeu.chat.server.Server$1 run
INFO: Reading update from relay...
May 28, 2017 6:55:51 PM codeu.chat.server.Server$1 run
INFO: Reading update from relay...
May 28, 2017 6:55:56 PM codeu.chat.server.Server$1 run
INFO: Reading update from relay...
May 28, 2017 6:56:01 PM codeu.chat.server.Server$1 run
INFO: Reading update from relay...
May 28, 2017 6:56:06 PM codeu.chat.server.Server$1 run
INFO: Reading update from relay...
May 28, 2017 6:56:11 PM codeu.chat.server.Server$1 run
INFO: Reading update from relay...
May 28, 2017 6:56:16 PM codeu.chat.server.Server$1 run
INFO: Reading update from relay...
May 28, 2017 6:56:21 PM codeu.chat.server.Server$1 run
INFO: Reading update from relay...
May 28, 2017 6:56:26 PM codeu.chat.server.Server$1 run
INFO: Reading update from relay...
May 28, 2017 6:56:31 PM codeu.chat.server.Server$1 run
INFO: Reading update from relay...
May 28, 2017 6:56:36 PM codeu.chat.server.Server$1 run
INFO: Reading update from relay...
May 28, 2017 6:56:41 PM codeu.chat.server.Server$1 run
INFO: Reading update from relay...
May 28, 2017 6:56:46 PM codeu.chat.server.Server$1 run
INFO: Reading update from relay...
May 28, 2017 6:56:51 PM codeu.chat.server.Server$1 run
INFO: Reading update from relay...
May 28, 2017 6:56:56 PM codeu.chat.server.Server$1 run
INFO: Reading update from relay...
May 28, 2017 6:57:01 PM codeu.chat.server.Server$1 run
INFO: Reading update from relay...
May 28, 2017 6:57:06 PM codeu.chat.server.Server$1 run
INFO: Reading update from relay...
May 28, 2017 6:57:11 PM codeu.chat.server.Server$1 run
INFO: Reading update from relay...
May 28, 2017 6:57:16 PM codeu.chat.server.Server$1 run
INFO: Reading update from relay...
May 28, 2017 6:57:21 PM codeu.chat.server.Server$1 run
INFO: Reading update from relay...
May 28, 2017 6:57:26 PM codeu.chat.server.Server$1 run
INFO: Reading update from relay...
May 28, 2017 6:57:31 PM codeu.chat.server.Server$1 run
INFO: Reading update from relay...
May 28, 2017 6:57:36 PM codeu.chat.server.Server$1 run
INFO: Reading update from relay...
May 28, 2017 6:57:41 PM codeu.chat.server.Server$1 run
INFO: Reading update from relay...
May 28, 2017 6:57:46 PM codeu.chat.server.Server$1 run
INFO: Reading update from relay...
May 28, 2017 6:57:51 PM codeu.chat.server.Server$1 run
INFO: Reading update from relay...
May 28, 2017 6:57:56 PM codeu.chat.server.Server$1 run
INFO: Reading update from relay...
May 28, 2017 6:58:01 PM codeu.chat.server.Server$1 run
INFO: Reading update from relay...
May 28, 2017 6:58:06 PM codeu.chat.server.Server$1 run
INFO: Reading update from relay...
May 28, 2017 6:58:11 PM codeu.chat.server.Server$1 run
INFO: Reading update from relay...
May 28, 2017 6:58:16 PM codeu.chat.server.Server$1 run
INFO: Reading update from relay...
May 28, 2017 6:58:21 PM codeu.chat.server.Server$1 run
INFO: Reading update from relay...
May 28, 2017 6:58:26 PM codeu.chat.server.Server$1 run
INFO: Reading update from relay...
May 28, 2017 6:58:31 PM codeu.chat.server.Server$1 run
INFO: Reading update from relay...
May 28, 2017 6:58:36 PM codeu.chat.server.Server$1 run
INFO: Reading update from relay...
May 28, 2017 6:58:41 PM codeu.chat.server.Server$1 run
INFO: Reading update from relay...
May 28, 2017 6:58:46 PM codeu.chat.server.Server$1 run
INFO: Reading update from relay...
May 28, 2017 6:58:51 PM codeu.chat.server.Server$1 run
INFO: Reading update from relay...
May 28, 2017 6:58:56 PM codeu.chat.server.Server$1 run
INFO: Reading update from relay...
May 28, 2017 6:59:01 PM codeu.chat.server.Server$1 run
INFO: Reading update from relay...
May 28, 2017 6:59:06 PM codeu.chat.server.Server$1 run
INFO: Reading update from relay...
May 28, 2017 6:59:11 PM codeu.chat.server.Server$1 run
INFO: Reading update from relay...
May 28, 2017 6:59:16 PM codeu.chat.server.Server$1 run
INFO: Reading update from relay...
May 28, 2017 6:59:21 PM codeu.chat.server.Server$1 run
INFO: Reading update from relay...
May 28, 2017 6:59:26 PM codeu.chat.server.Server$1 run
INFO: Reading update from relay...
May 28, 2017 6:59:31 PM codeu.chat.server.Server$1 run
INFO: Reading update from relay...
May 28, 2017 6:59:36 PM codeu.chat.server.Server$1 run
INFO: Reading update from relay...
May 28, 2017 6:59:41 PM codeu.chat.server.Server$1 run
INFO: Reading update from relay...
May 28, 2017 6:59:46 PM codeu.chat.server.Server$1 run
INFO: Reading update from relay...
May 28, 2017 6:59:51 PM codeu.chat.server.Server$1 run
INFO: Reading update from relay...
May 28, 2017 6:59:56 PM codeu.chat.server.Server$1 run
INFO: Reading update from relay...
May 28, 2017 7:00:01 PM codeu.chat.server.Server$1 run
INFO: Reading update from relay...
May 28, 2017 7:00:06 PM codeu.chat.server.Server$1 run
INFO: Reading update from relay...
May 28, 2017 7:00:11 PM codeu.chat.server.Server$1 run
INFO: Reading update from relay...
May 28, 2017 7:00:16 PM codeu.chat.server.Server$1 run
INFO: Reading update from relay...
May 28, 2017 7:00:21 PM codeu.chat.server.Server$1 run
INFO: Reading update from relay...
May 28, 2017 7:00:26 PM codeu.chat.server.Server$1 run
INFO: Reading update from relay...
May 28, 2017 7:00:31 PM codeu.chat.server.Server$1 run
INFO: Reading update from relay...
May 28, 2017 7:00:36 PM codeu.chat.server.Server$1 run
INFO: Reading update from relay...
May 28, 2017 7:00:41 PM codeu.chat.server.Server$1 run
INFO: Reading update from relay...
May 28, 2017 7:00:46 PM codeu.chat.server.Server$1 run
INFO: Reading update from relay...
May 28, 2017 7:00:51 PM codeu.chat.server.Server$1 run
INFO: Reading update from relay...
May 28, 2017 7:00:56 PM codeu.chat.server.Server$1 run
INFO: Reading update from relay...
May 28, 2017 7:01:01 PM codeu.chat.server.Server$1 run
INFO: Reading update from relay...
May 28, 2017 7:01:06 PM codeu.chat.server.Server$1 run
INFO: Reading update from relay...
May 28, 2017 7:01:11 PM codeu.chat.server.Server$1 run
INFO: Reading update from relay...
May 28, 2017 7:01:16 PM codeu.chat.server.Server$1 run
INFO: Reading update from relay...
May 28, 2017 7:01:21 PM codeu.chat.server.Server$1 run
INFO: Reading update from relay...
May 28, 2017 7:01:26 PM codeu.chat.server.Server$1 run
INFO: Reading update from relay...
May 28, 2017 7:01:31 PM codeu.chat.server.Server$1 run
INFO: Reading update from relay...
May 28, 2017 7:01:36 PM codeu.chat.server.Server$1 run
INFO: Reading update from relay...
May 28, 2017 7:01:41 PM codeu.chat.server.Server$1 run
INFO: Reading update from relay...
May 28, 2017 7:01:46 PM codeu.chat.server.Server$1 run
INFO: Reading update from relay...
May 28, 2017 7:01:51 PM codeu.chat.server.Server$1 run
INFO: Reading update from relay...
May 28, 2017 7:01:56 PM codeu.chat.server.Server$1 run
INFO: Reading update from relay...
May 28, 2017 7:02:01 PM codeu.chat.server.Server$1 run
INFO: Reading update from relay...
May 28, 2017 7:02:06 PM codeu.chat.server.Server$1 run
INFO: Reading update from relay...
May 28, 2017 7:02:11 PM codeu.chat.server.Server$1 run
INFO: Reading update from relay...
May 28, 2017 7:02:16 PM codeu.chat.server.Server$1 run
INFO: Reading update from relay...
May 28, 2017 7:02:21 PM codeu.chat.server.Server$1 run
INFO: Reading update from relay...
May 28, 2017 7:02:26 PM codeu.chat.server.Server$1 run
INFO: Reading update from relay...
May 28, 2017 7:02:31 PM codeu.chat.server.Server$1 run
INFO: Reading update from relay...
May 28, 2017 7:02:36 PM codeu.chat.server.Server$1 run
INFO: Reading update from relay...
May 28, 2017 7:02:41 PM codeu.chat.server.Server$1 run
INFO: Reading update from relay...
May 28, 2017 7:02:46 PM codeu.chat.server.Server$1 run
INFO: Reading update from relay...
May 28, 2017 7:02:51 PM codeu.chat.server.Server$1 run
INFO: Reading update from relay...
May 28, 2017 7:02:56 PM codeu.chat.server.Server$1 run
INFO: Reading update from relay...
May 28, 2017 7:03:01 PM codeu.chat.server.Server$1 run
INFO: Reading update from relay...
May 28, 2017 7:03:06 PM codeu.chat.server.Server$1 run
INFO: Reading update from relay...
May 28, 2017 7:03:11 PM codeu.chat.server.Server$1 run
INFO: Reading update from relay...
May 28, 2017 7:03:16 PM codeu.chat.server.Server$1 run
INFO: Reading update from relay...
May 28, 2017 7:03:21 PM codeu.chat.server.Server$1 run
INFO: Reading update from relay...
May 28, 2017 7:03:26 PM codeu.chat.server.Server$1 run
INFO: Reading update from relay...
May 28, 2017 7:03:31 PM codeu.chat.server.Server$1 run
INFO: Reading update from relay...
May 28, 2017 7:03:36 PM codeu.chat.server.Server$1 run
INFO: Reading update from relay...
May 28, 2017 7:03:41 PM codeu.chat.server.Server$1 run
INFO: Reading update from relay...
May 28, 2017 7:03:46 PM codeu.chat.server.Server$1 run
INFO: Reading update from relay...
May 28, 2017 7:03:51 PM codeu.chat.server.Server$1 run
INFO: Reading update from relay...
May 28, 2017 7:03:56 PM codeu.chat.server.Server$1 run
INFO: Reading update from relay...
May 28, 2017 7:04:01 PM codeu.chat.server.Server$1 run
INFO: Reading update from relay...
May 28, 2017 7:04:06 PM codeu.chat.server.Server$1 run
INFO: Reading update from relay...
May 28, 2017 7:04:11 PM codeu.chat.server.Server$1 run
INFO: Reading update from relay...
May 28, 2017 7:04:16 PM codeu.chat.server.Server$1 run
INFO: Reading update from relay...
May 28, 2017 7:04:21 PM codeu.chat.server.Server$1 run
INFO: Reading update from relay...
May 28, 2017 7:04:26 PM codeu.chat.server.Server$1 run
INFO: Reading update from relay...
May 28, 2017 7:04:31 PM codeu.chat.server.Server$1 run
INFO: Reading update from relay...
May 28, 2017 7:04:36 PM codeu.chat.server.Server$1 run
INFO: Reading update from relay...
May 28, 2017 7:04:41 PM codeu.chat.server.Server$1 run
INFO: Reading update from relay...
May 28, 2017 7:04:46 PM codeu.chat.server.Server$1 run
INFO: Reading update from relay...
May 28, 2017 7:04:51 PM codeu.chat.server.Server$1 run
INFO: Reading update from relay...
May 28, 2017 7:04:56 PM codeu.chat.server.Server$1 run
INFO: Reading update from relay...
May 28, 2017 7:05:01 PM codeu.chat.server.Server$1 run
INFO: Reading update from relay...
May 28, 2017 7:05:06 PM codeu.chat.server.Server$1 run
INFO: Reading update from relay...
May 28, 2017 7:05:11 PM codeu.chat.server.Server$1 run
INFO: Reading update from relay...
May 28, 2017 7:05:16 PM codeu.chat.server.Server$1 run
INFO: Reading update from relay...
May 28, 2017 7:05:21 PM codeu.chat.server.Server$1 run
INFO: Reading update from relay...
May 28, 2017 7:05:26 PM codeu.chat.server.Server$1 run
INFO: Reading update from relay...
May 28, 2017 7:05:31 PM codeu.chat.server.Server$1 run
INFO: Reading update from relay...
May 28, 2017 7:05:36 PM codeu.chat.server.Server$1 run
INFO: Reading update from relay...
May 28, 2017 7:05:41 PM codeu.chat.server.Server$1 run
INFO: Reading update from relay...
May 28, 2017 7:05:46 PM codeu.chat.server.Server$1 run
INFO: Reading update from relay...
May 28, 2017 7:05:51 PM codeu.chat.server.Server$1 run
INFO: Reading update from relay...
May 28, 2017 7:05:56 PM codeu.chat.server.Server$1 run
INFO: Reading update from relay...
May 28, 2017 7:06:01 PM codeu.chat.server.Server$1 run
INFO: Reading update from relay...
May 28, 2017 7:06:06 PM codeu.chat.server.Server$1 run
INFO: Reading update from relay...
May 28, 2017 7:06:11 PM codeu.chat.server.Server$1 run
INFO: Reading update from relay...
May 28, 2017 7:06:16 PM codeu.chat.server.Server$1 run
INFO: Reading update from relay...
May 28, 2017 7:06:21 PM codeu.chat.server.Server$1 run
INFO: Reading update from relay...
May 28, 2017 7:06:26 PM codeu.chat.server.Server$1 run
INFO: Reading update from relay...
May 28, 2017 7:06:31 PM codeu.chat.server.Server$1 run
INFO: Reading update from relay...
May 28, 2017 7:06:36 PM codeu.chat.server.Server$1 run
INFO: Reading update from relay...
May 28, 2017 7:06:41 PM codeu.chat.server.Server$1 run
INFO: Reading update from relay...
May 28, 2017 7:06:46 PM codeu.chat.server.Server$1 run
INFO: Reading update from relay...
May 28, 2017 7:06:51 PM codeu.chat.server.Server$1 run
INFO: Reading update from relay...
May 28, 2017 7:06:56 PM codeu.chat.server.Server$1 run
INFO: Reading update from relay...
May 28, 2017 7:07:01 PM codeu.chat.server.Server$1 run
INFO: Reading update from relay...
May 28, 2017 7:07:06 PM codeu.chat.server.Server$1 run
INFO: Reading update from relay...
May 28, 2017 7:07:11 PM codeu.chat.server.Server$1 run
INFO: Reading update from relay...
May 28, 2017 7:07:16 PM codeu.chat.server.Server$1 run
INFO: Reading update from relay...
May 28, 2017 7:07:21 PM codeu.chat.server.Server$1 run
INFO: Reading update from relay...
May 28, 2017 7:07:26 PM codeu.chat.server.Server$1 run
INFO: Reading update from relay...
May 28, 2017 7:07:31 PM codeu.chat.server.Server$1 run
INFO: Reading update from relay...
May 28, 2017 7:07:36 PM codeu.chat.server.Server$1 run
INFO: Reading update from relay...
May 28, 2017 7:07:41 PM codeu.chat.server.Server$1 run
INFO: Reading update from relay...
May 28, 2017 7:07:46 PM codeu.chat.server.Server$1 run
INFO: Reading update from relay...
May 28, 2017 7:07:51 PM codeu.chat.server.Server$1 run
INFO: Reading update from relay...
May 28, 2017 7:07:56 PM codeu.chat.server.Server$1 run
INFO: Reading update from relay...
May 28, 2017 7:08:01 PM codeu.chat.server.Server$1 run
INFO: Reading update from relay...
May 28, 2017 7:08:06 PM codeu.chat.server.Server$1 run
INFO: Reading update from relay...
May 28, 2017 7:08:11 PM codeu.chat.server.Server$1 run
INFO: Reading update from relay...
May 28, 2017 7:08:16 PM codeu.chat.server.Server$1 run
INFO: Reading update from relay...
May 28, 2017 7:08:21 PM codeu.chat.server.Server$1 run
INFO: Reading update from relay...
May 28, 2017 7:08:26 PM codeu.chat.server.Server$1 run
INFO: Reading update from relay...
May 28, 2017 7:08:31 PM codeu.chat.server.Server$1 run
INFO: Reading update from relay...
May 28, 2017 7:08:37 PM codeu.chat.server.Server$1 run
INFO: Reading update from relay...
May 28, 2017 7:08:42 PM codeu.chat.server.Server$1 run
INFO: Reading update from relay...
May 28, 2017 7:08:47 PM codeu.chat.server.Server$1 run
INFO: Reading update from relay...
May 28, 2017 7:08:52 PM codeu.chat.server.Server$1 run
INFO: Reading update from relay...
May 28, 2017 7:08:57 PM codeu.chat.server.Server$1 run
INFO: Reading update from relay...
May 28, 2017 7:09:02 PM codeu.chat.server.Server$1 run
INFO: Reading update from relay...
May 28, 2017 7:09:07 PM codeu.chat.server.Server$1 run
INFO: Reading update from relay...
May 28, 2017 7:09:12 PM codeu.chat.server.Server$1 run
INFO: Reading update from relay...
May 28, 2017 7:09:17 PM codeu.chat.server.Server$1 run
INFO: Reading update from relay...
May 28, 2017 7:09:22 PM codeu.chat.server.Server$1 run
INFO: Reading update from relay...
May 28, 2017 7:09:27 PM codeu.chat.server.Server$1 run
INFO: Reading update from relay...
May 28, 2017 7:09:32 PM codeu.chat.server.Server$1 run
INFO: Reading update from relay...
May 28, 2017 7:09:37 PM codeu.chat.server.Server$1 run
INFO: Reading update from relay...
May 28, 2017 7:09:42 PM codeu.chat.server.Server$1 run
INFO: Reading update from relay...
May 28, 2017 7:09:47 PM codeu.chat.server.Server$1 run
INFO: Reading update from relay...
May 28, 2017 7:09:52 PM codeu.chat.server.Server$1 run
INFO: Reading update from relay...
May 28, 2017 7:09:57 PM codeu.chat.server.Server$1 run
INFO: Reading update from relay...
May 28, 2017 7:10:02 PM codeu.chat.server.Server$1 run
INFO: Reading update from relay...
May 28, 2017 7:10:07 PM codeu.chat.server.Server$1 run
INFO: Reading update from relay...
May 28, 2017 7:10:12 PM codeu.chat.server.Server$1 run
INFO: Reading update from relay...
May 28, 2017 7:10:17 PM codeu.chat.server.Server$1 run
INFO: Reading update from relay...
May 28, 2017 7:10:22 PM codeu.chat.server.Server$1 run
INFO: Reading update from relay...
May 28, 2017 7:10:27 PM codeu.chat.server.Server$1 run
INFO: Reading update from relay...
May 28, 2017 7:10:32 PM codeu.chat.server.Server$1 run
INFO: Reading update from relay...
May 28, 2017 7:10:37 PM codeu.chat.server.Server$1 run
INFO: Reading update from relay...
May 28, 2017 7:10:42 PM codeu.chat.server.Server$1 run
INFO: Reading update from relay...
May 28, 2017 7:10:47 PM codeu.chat.server.Server$1 run
INFO: Reading update from relay...
May 28, 2017 7:10:52 PM codeu.chat.server.Server$1 run
INFO: Reading update from relay...
May 28, 2017 7:10:57 PM codeu.chat.server.Server$1 run
INFO: Reading update from relay...
May 28, 2017 7:11:02 PM codeu.chat.server.Server$1 run
INFO: Reading update from relay...
May 28, 2017 7:11:07 PM codeu.chat.server.Server$1 run
INFO: Reading update from relay...
May 28, 2017 7:11:12 PM codeu.chat.server.Server$1 run
INFO: Reading update from relay...
May 28, 2017 7:11:17 PM codeu.chat.server.Server$1 run
INFO: Reading update from relay...
May 28, 2017 7:11:22 PM codeu.chat.server.Server$1 run
INFO: Reading update from relay...
May 28, 2017 7:11:27 PM codeu.chat.server.Server$1 run
INFO: Reading update from relay...
May 28, 2017 7:11:32 PM codeu.chat.server.Server$1 run
INFO: Reading update from relay...
May 28, 2017 7:11:37 PM codeu.chat.server.Server$1 run
INFO: Reading update from relay...
May 28, 2017 7:11:42 PM codeu.chat.server.Server$1 run
INFO: Reading update from relay...
May 28, 2017 7:11:47 PM codeu.chat.server.Server$1 run
INFO: Reading update from relay...
May 28, 2017 7:11:52 PM codeu.chat.server.Server$1 run
INFO: Reading update from relay...
May 28, 2017 7:11:57 PM codeu.chat.server.Server$1 run
INFO: Reading update from relay...
May 28, 2017 7:12:02 PM codeu.chat.server.Server$1 run
INFO: Reading update from relay...
May 28, 2017 7:12:07 PM codeu.chat.server.Server$1 run
INFO: Reading update from relay...
May 28, 2017 7:12:12 PM codeu.chat.server.Server$1 run
INFO: Reading update from relay...
May 28, 2017 7:12:17 PM codeu.chat.server.Server$1 run
INFO: Reading update from relay...
May 28, 2017 7:12:22 PM codeu.chat.server.Server$1 run
INFO: Reading update from relay...
May 28, 2017 7:12:27 PM codeu.chat.server.Server$1 run
INFO: Reading update from relay...
May 28, 2017 7:12:32 PM codeu.chat.server.Server$1 run
INFO: Reading update from relay...
May 28, 2017 7:12:37 PM codeu.chat.server.Server$1 run
INFO: Reading update from relay...
May 28, 2017 7:12:42 PM codeu.chat.server.Server$1 run
INFO: Reading update from relay...
May 28, 2017 7:12:47 PM codeu.chat.server.Server$1 run
INFO: Reading update from relay...
May 28, 2017 7:12:52 PM codeu.chat.server.Server$1 run
INFO: Reading update from relay...
May 28, 2017 7:12:57 PM codeu.chat.server.Server$1 run
INFO: Reading update from relay...
May 28, 2017 7:13:02 PM codeu.chat.server.Server$1 run
INFO: Reading update from relay...
May 28, 2017 7:13:07 PM codeu.chat.server.Server$1 run
INFO: Reading update from relay...
May 28, 2017 7:13:12 PM codeu.chat.server.Server$1 run
INFO: Reading update from relay...
May 28, 2017 7:13:17 PM codeu.chat.server.Server$1 run
INFO: Reading update from relay...
May 28, 2017 7:13:22 PM codeu.chat.server.Server$1 run
INFO: Reading update from relay...
May 28, 2017 7:13:27 PM codeu.chat.server.Server$1 run
INFO: Reading update from relay...
May 28, 2017 7:13:32 PM codeu.chat.server.Server$1 run
INFO: Reading update from relay...
May 28, 2017 7:13:37 PM codeu.chat.server.Server$1 run
INFO: Reading update from relay...
May 28, 2017 7:13:42 PM codeu.chat.server.Server$1 run
INFO: Reading update from relay...
May 28, 2017 7:13:47 PM codeu.chat.server.Server$1 run
INFO: Reading update from relay...
May 28, 2017 7:13:52 PM codeu.chat.server.Server$1 run
INFO: Reading update from relay...
May 28, 2017 7:13:57 PM codeu.chat.server.Server$1 run
INFO: Reading update from relay...
May 28, 2017 7:14:02 PM codeu.chat.server.Server$1 run
INFO: Reading update from relay...
May 28, 2017 7:14:07 PM codeu.chat.server.Server$1 run
INFO: Reading update from relay...
May 28, 2017 7:14:12 PM codeu.chat.server.Server$1 run
INFO: Reading update from relay...
May 28, 2017 7:14:17 PM codeu.chat.server.Server$1 run
INFO: Reading update from relay...
May 28, 2017 7:14:22 PM codeu.chat.server.Server$1 run
INFO: Reading update from relay...
May 28, 2017 7:14:27 PM codeu.chat.server.Server$1 run
INFO: Reading update from relay...
May 28, 2017 7:14:32 PM codeu.chat.server.Server$1 run
INFO: Reading update from relay...
May 28, 2017 7:14:37 PM codeu.chat.server.Server$1 run
INFO: Reading update from relay...
May 28, 2017 7:14:42 PM codeu.chat.server.Server$1 run
INFO: Reading update from relay...
May 28, 2017 7:14:47 PM codeu.chat.server.Server$1 run
INFO: Reading update from relay...
May 28, 2017 7:14:52 PM codeu.chat.server.Server$1 run
INFO: Reading update from relay...
May 28, 2017 7:14:57 PM codeu.chat.server.Server$1 run
INFO: Reading update from relay...
May 28, 2017 7:15:02 PM codeu.chat.server.Server$1 run
INFO: Reading update from relay...
May 28, 2017 7:15:07 PM codeu.chat.server.Server$1 run
INFO: Reading update from relay...
May 28, 2017 7:15:12 PM codeu.chat.server.Server$1 run
INFO: Reading update from relay...
May 28, 2017 7:15:17 PM codeu.chat.server.Server$1 run
INFO: Reading update from relay...
May 28, 2017 7:15:22 PM codeu.chat.server.Server$1 run
INFO: Reading update from relay...
May 28, 2017 7:15:27 PM codeu.chat.server.Server$1 run
INFO: Reading update from relay...
May 28, 2017 7:15:32 PM codeu.chat.server.Server$1 run
INFO: Reading update from relay...
May 28, 2017 7:15:37 PM codeu.chat.server.Server$1 run
INFO: Reading update from relay...
May 28, 2017 7:15:42 PM codeu.chat.server.Server$1 run
INFO: Reading update from relay...
May 28, 2017 7:15:47 PM codeu.chat.server.Server$1 run
INFO: Reading update from relay...
May 28, 2017 7:15:52 PM codeu.chat.server.Server$1 run
INFO: Reading update from relay...
May 28, 2017 7:15:57 PM codeu.chat.server.Server$1 run
INFO: Reading update from relay...
May 28, 2017 7:16:02 PM codeu.chat.server.Server$1 run
INFO: Reading update from relay...
May 28, 2017 7:16:07 PM codeu.chat.server.Server$1 run
INFO: Reading update from relay...
May 28, 2017 7:16:12 PM codeu.chat.server.Server$1 run
INFO: Reading update from relay...
May 28, 2017 7:16:17 PM codeu.chat.server.Server$1 run
INFO: Reading update from relay...
May 28, 2017 7:16:22 PM codeu.chat.server.Server$1 run
INFO: Reading update from relay...
May 28, 2017 7:16:27 PM codeu.chat.server.Server$1 run
INFO: Reading update from relay...
May 28, 2017 7:16:32 PM codeu.chat.server.Server$1 run
INFO: Reading update from relay...
May 28, 2017 7:16:37 PM codeu.chat.server.Server$1 run
INFO: Reading update from relay...
May 28, 2017 7:16:42 PM codeu.chat.server.Server$1 run
INFO: Reading update from relay...
May 28, 2017 7:16:47 PM codeu.chat.server.Server$1 run
INFO: Reading update from relay...
May 28, 2017 7:16:52 PM codeu.chat.server.Server$1 run
INFO: Reading update from relay...
May 28, 2017 7:16:57 PM codeu.chat.server.Server$1 run
INFO: Reading update from relay...
May 28, 2017 7:17:02 PM codeu.chat.server.Server$1 run
INFO: Reading update from relay...
May 28, 2017 7:17:07 PM codeu.chat.server.Server$1 run
INFO: Reading update from relay...
May 28, 2017 7:17:12 PM codeu.chat.server.Server$1 run
INFO: Reading update from relay...
May 28, 2017 7:17:17 PM codeu.chat.server.Server$1 run
INFO: Reading update from relay...
May 28, 2017 7:17:22 PM codeu.chat.server.Server$1 run
INFO: Reading update from relay...
May 28, 2017 7:17:27 PM codeu.chat.server.Server$1 run
INFO: Reading update from relay...
May 28, 2017 7:17:32 PM codeu.chat.server.Server$1 run
INFO: Reading update from relay...
May 28, 2017 7:17:37 PM codeu.chat.server.Server$1 run
INFO: Reading update from relay...
May 28, 2017 7:17:42 PM codeu.chat.server.Server$1 run
INFO: Reading update from relay...
May 28, 2017 7:17:47 PM codeu.chat.server.Server$1 run
INFO: Reading update from relay...
May 28, 2017 7:17:52 PM codeu.chat.server.Server$1 run
INFO: Reading update from relay...
May 28, 2017 7:17:57 PM codeu.chat.server.Server$1 run
INFO: Reading update from relay...
May 28, 2017 7:18:02 PM codeu.chat.server.Server$1 run
INFO: Reading update from relay...
May 28, 2017 7:18:07 PM codeu.chat.server.Server$1 run
INFO: Reading update from relay...
May 28, 2017 7:18:12 PM codeu.chat.server.Server$1 run
INFO: Reading update from relay...
May 28, 2017 7:18:17 PM codeu.chat.server.Server$1 run
INFO: Reading update from relay...
May 28, 2017 7:18:22 PM codeu.chat.server.Server$1 run
INFO: Reading update from relay...
May 28, 2017 7:18:27 PM codeu.chat.server.Server$1 run
INFO: Reading update from relay...
May 28, 2017 7:18:32 PM codeu.chat.server.Server$1 run
INFO: Reading update from relay...
May 28, 2017 7:18:37 PM codeu.chat.server.Server$1 run
INFO: Reading update from relay...
May 28, 2017 7:18:42 PM codeu.chat.server.Server$1 run
INFO: Reading update from relay...
May 28, 2017 7:18:47 PM codeu.chat.server.Server$1 run
INFO: Reading update from relay...
May 28, 2017 7:18:52 PM codeu.chat.server.Server$1 run
INFO: Reading update from relay...
May 28, 2017 7:18:57 PM codeu.chat.server.Server$1 run
INFO: Reading update from relay...
May 28, 2017 7:19:02 PM codeu.chat.server.Server$1 run
INFO: Reading update from relay...
May 28, 2017 7:19:07 PM codeu.chat.server.Server$1 run
INFO: Reading update from relay...
May 28, 2017 7:19:12 PM codeu.chat.server.Server$1 run
INFO: Reading update from relay...
May 28, 2017 7:19:17 PM codeu.chat.server.Server$1 run
INFO: Reading update from relay...
May 28, 2017 7:19:22 PM codeu.chat.server.Server$1 run
INFO: Reading update from relay...
May 28, 2017 7:19:27 PM codeu.chat.server.Server$1 run
INFO: Reading update from relay...
May 28, 2017 7:19:32 PM codeu.chat.server.Server$1 run
INFO: Reading update from relay...
May 28, 2017 7:19:38 PM codeu.chat.server.Server$1 run
INFO: Reading update from relay...
May 28, 2017 7:19:43 PM codeu.chat.server.Server$1 run
INFO: Reading update from relay...
May 28, 2017 7:19:48 PM codeu.chat.server.Server$1 run
INFO: Reading update from relay...
May 28, 2017 7:19:53 PM codeu.chat.server.Server$1 run
INFO: Reading update from relay...
May 28, 2017 7:19:58 PM codeu.chat.server.Server$1 run
INFO: Reading update from relay...
May 28, 2017 7:20:03 PM codeu.chat.server.Server$1 run
INFO: Reading update from relay...
May 28, 2017 7:20:08 PM codeu.chat.server.Server$1 run
INFO: Reading update from relay...
May 28, 2017 7:20:13 PM codeu.chat.server.Server$1 run
INFO: Reading update from relay...
May 28, 2017 7:20:18 PM codeu.chat.server.Server$1 run
INFO: Reading update from relay...
May 28, 2017 7:20:23 PM codeu.chat.server.Server$1 run
INFO: Reading update from relay...
May 28, 2017 7:20:28 PM codeu.chat.server.Server$1 run
INFO: Reading update from relay...
May 28, 2017 7:20:33 PM codeu.chat.server.Server$1 run
INFO: Reading update from relay...
May 28, 2017 7:20:38 PM codeu.chat.server.Server$1 run
INFO: Reading update from relay...
May 28, 2017 7:20:43 PM codeu.chat.server.Server$1 run
INFO: Reading update from relay...
May 28, 2017 7:20:48 PM codeu.chat.server.Server$1 run
INFO: Reading update from relay...
May 28, 2017 7:20:53 PM codeu.chat.server.Server$1 run
INFO: Reading update from relay...
May 28, 2017 7:20:58 PM codeu.chat.server.Server$1 run
INFO: Reading update from relay...
May 28, 2017 7:21:03 PM codeu.chat.server.Server$1 run
INFO: Reading update from relay...
May 28, 2017 7:21:08 PM codeu.chat.server.Server$1 run
INFO: Reading update from relay...
May 28, 2017 7:21:13 PM codeu.chat.server.Server$1 run
INFO: Reading update from relay...
May 28, 2017 7:21:18 PM codeu.chat.server.Server$1 run
INFO: Reading update from relay...
May 28, 2017 7:21:23 PM codeu.chat.server.Server$1 run
INFO: Reading update from relay...
May 28, 2017 7:21:28 PM codeu.chat.server.Server$1 run
INFO: Reading update from relay...
May 28, 2017 7:21:33 PM codeu.chat.server.Server$1 run
INFO: Reading update from relay...
May 28, 2017 7:21:38 PM codeu.chat.server.Server$1 run
INFO: Reading update from relay...
May 28, 2017 7:21:43 PM codeu.chat.server.Server$1 run
INFO: Reading update from relay...
May 28, 2017 7:21:48 PM codeu.chat.server.Server$1 run
INFO: Reading update from relay...
May 28, 2017 7:21:53 PM codeu.chat.server.Server$1 run
INFO: Reading update from relay...
May 28, 2017 7:21:58 PM codeu.chat.server.Server$1 run
INFO: Reading update from relay...
May 28, 2017 7:22:03 PM codeu.chat.server.Server$1 run
INFO: Reading update from relay...
May 28, 2017 7:22:08 PM codeu.chat.server.Server$1 run
INFO: Reading update from relay...
May 28, 2017 7:22:13 PM codeu.chat.server.Server$1 run
INFO: Reading update from relay...
May 28, 2017 7:22:18 PM codeu.chat.server.Server$1 run
INFO: Reading update from relay...
May 28, 2017 7:22:23 PM codeu.chat.server.Server$1 run
INFO: Reading update from relay...
May 28, 2017 7:22:28 PM codeu.chat.server.Server$1 run
INFO: Reading update from relay...
May 28, 2017 7:22:33 PM codeu.chat.server.Server$1 run
INFO: Reading update from relay...
May 28, 2017 7:22:38 PM codeu.chat.server.Server$1 run
INFO: Reading update from relay...
May 28, 2017 7:22:43 PM codeu.chat.server.Server$1 run
INFO: Reading update from relay...
May 28, 2017 7:22:48 PM codeu.chat.server.Server$1 run
INFO: Reading update from relay...
May 28, 2017 7:22:53 PM codeu.chat.server.Server$1 run
INFO: Reading update from relay...
May 28, 2017 7:22:58 PM codeu.chat.server.Server$1 run
INFO: Reading update from relay...
May 28, 2017 7:23:03 PM codeu.chat.server.Server$1 run
INFO: Reading update from relay...
May 28, 2017 7:23:08 PM codeu.chat.server.Server$1 run
INFO: Reading update from relay...
May 28, 2017 7:23:13 PM codeu.chat.server.Server$1 run
INFO: Reading update from relay...
May 28, 2017 7:23:18 PM codeu.chat.server.Server$1 run
INFO: Reading update from relay...
May 28, 2017 7:23:18 PM codeu.chat.ServerMain runServer
INFO: Connection established.
May 28, 2017 7:23:18 PM codeu.chat.ServerMain runServer
INFO: Established connection...
May 28, 2017 7:23:18 PM codeu.chat.server.Server$2 run
INFO: Handling connection...
May 28, 2017 7:23:18 PM codeu.chat.server.Controller newUser
INFO: newUser success (user.id=[UUID:100.2597199128] user.name=hihihi user.time=28-May-2017 19:23:18.961)
May 28, 2017 7:23:18 PM codeu.chat.server.Server$2 run
INFO: Connection handled: ACCEPTED
May 28, 2017 7:23:23 PM codeu.chat.server.Server$1 run
INFO: Reading update from relay...
